<?xml version="1.0" encoding="UTF-8"?>
<testng-results ignored="0" total="2" passed="2" failed="0" skipped="0">
  <reporter-output>
  </reporter-output>
  <suite started-at="2019-11-10T17:17:03 ICT" name="Suite" finished-at="2019-11-10T17:18:25 ICT" duration-ms="82427">
    <groups>
    </groups>
    <test started-at="2019-11-10T17:17:03 ICT" name="Test" finished-at="2019-11-10T17:18:25 ICT" duration-ms="82427">
      <class name="Client_Site.Client">
        <test-method signature="testcase1_createAccount()[pri:0, instance:Client_Site.Client@327b636c]" started-at="2019-11-10T17:17:03 ICT" name="testcase1_createAccount" finished-at="2019-11-10T17:17:44 ICT" duration-ms="41188" status="PASS">
          <reporter-output>
          </reporter-output>
        </test-method> <!-- testcase1_createAccount -->
        <test-method signature="testcase2_loginlogoutPage()[pri:1, instance:Client_Site.Client@327b636c]" started-at="2019-11-10T17:17:44 ICT" name="testcase2_loginlogoutPage" finished-at="2019-11-10T17:18:25 ICT" duration-ms="41161" status="PASS">
          <reporter-output>
          </reporter-output>
        </test-method> <!-- testcase2_loginlogoutPage -->
      </class> <!-- Client_Site.Client -->
    </test> <!-- Test -->
  </suite> <!-- Suite -->
</testng-results>
